#
# A fatal error has been detected by the Java Runtime Environment:
#
#  SIGSEGV (0xb) at pc=0x000000010af13bbf, pid=888, tid=0x0000000000000c07
#
# JRE version: Java(TM) SE Runtime Environment (8.0_101-b13) (build 1.8.0_101-b13)
# Java VM: Java HotSpot(TM) 64-Bit Server VM (25.101-b13 mixed mode bsd-amd64 compressed oops)
# Problematic frame:
# V  [libjvm.dylib+0x313bbf]
#
# Failed to write core dump. Core dumps have been disabled. To enable core dumping, try "ulimit -c unlimited" before starting Java again
#
# If you would like to submit a bug report, please visit:
#   http://bugreport.java.com/bugreport/crash.jsp
#

---------------  T H R E A D  ---------------

Current thread (0x00007f800a008800):  JavaThread "main" [_thread_in_vm, id=3079, stack(0x000070000011a000,0x000070000021a000)]

siginfo: si_signo: 11 (SIGSEGV), si_code: 1 (SEGV_MAPERR), si_addr: 0x0000000000000000

Registers:
RAX=0x00007f8009e0abc8, RBX=0x00007000002197e0, RCX=0x00007f8009e0abc0, RDX=0x0000000000000002
RSP=0x0000700000219580, RBP=0x0000700000219630, RSI=0x00000007aab768f8, RDI=0x00007f8009e0abc0
R8 =0x000000010af13b22, R9 =0x00007000002197e0, R10=0x64007a21d223a650, R11=0x00007f7effe1cd2a
R12=0x00007f800a0089f8, R13=0x00007f800a008800, R14=0x0000000000000000, R15=0x00007f8009e0abc8
RIP=0x000000010af13bbf, EFLAGS=0x0000000000010206, ERR=0x0000000000000004
  TRAPNO=0x000000000000000e

Top of Stack: (sp=0x0000700000219580)
0x0000700000219580:   00000007aab766f0 000000000000062d
0x0000700000219590:   0000700000219670 000000010b0e792b
0x00007000002195a0:   000000010b4d19b0 0000005000000000
0x00007000002195b0:   00007f8009c037f0 000000010b1e4ae4
0x00007000002195c0:   0000000120887f5d 000000070000000e
0x00007000002195d0:   000000000000001f 00007f800a008800
0x00007000002195e0:   00007f8009c032a0 6a2720610000062d
0x00007000002195f0:   000000010b1fb610 00007f800a008800
0x0000700000219600:   00007f800a008800 000000011d8b43b0
0x0000700000219610:   0000000000000000 000000011d8b43b0
0x0000700000219620:   00007000002198f0 00007f800a008800
0x0000700000219630:   0000700000219800 0000000120886f29
0x0000700000219640:   0000700000219670 000000010ae41b63
0x0000700000219650:   64007a21d223a650 000000010af13b22
0x0000700000219660:   00007f8009e0abc0 0000000000000000
0x0000700000219670:   000000010b41f360 0000000000000000
0x0000700000219680:   000000010b1e5fd8 00007f800a0089f8
0x0000700000219690:   0000000000000000 00000000ff000000
0x00007000002196a0:   334e4f534455482f 6170736b726f772f
0x00007000002196b0:   5f3638782d78736f 75386b646a2f3436
0x00007000002196c0:   6168732f6372732f 72702f6d762f6572
0x00007000002196d0:   736d6972702f6d76 7070632e696e6a2f
0x00007000002196e0:   76614a2f6176614a 6c61757472695661
0x00007000002196f0:   0000000000000000 0000000000000000
0x0000700000219700:   cafebabecafebabe 0000000000000000
0x0000700000219710:   0000700000219740 0000000120887f4e
0x0000700000219720:   00009b75037ee86b 000000010b41f360
0x0000700000219730:   0000000000000000 000000010b1e5fd8
0x0000700000219740:   0000000000000000 0000000120887f5d
0x0000700000219750:   00007000002197c0 000000010af1403e
0x0000700000219760:   00007f800a0089f8 00007f800a008800
0x0000700000219770:   0000000000000000 00007f800a008800 

Instructions: (pc=0x000000010af13bbf)
0x000000010af13b9f:   45 31 ff 4c 89 fb e9 a8 00 00 00 4c 89 e7 48 89
0x000000010af13baf:   c6 e8 5d eb 02 00 49 89 c7 c7 45 98 0e 00 00 00
0x000000010af13bbf:   49 8b 06 48 8b 40 08 0f b7 48 24 48 8b 40 08 48
0x000000010af13bcf:   8b 74 c8 50 48 8d 85 58 ff ff ff 48 89 c7 e8 d2 

Register to memory mapping:

RAX=0x00007f8009e0abc8 is an unknown value
RBX=0x00007000002197e0 is pointing into the stack for thread: 0x00007f800a008800
RCX=0x00007f8009e0abc0 is an unknown value
RDX=0x0000000000000002 is an unknown value
RSP=0x0000700000219580 is pointing into the stack for thread: 0x00007f800a008800
RBP=0x0000700000219630 is pointing into the stack for thread: 0x00007f800a008800
RSI=0x00000007aab768f8 is an oop
java.util.Date 
 - klass: 'java/util/Date'
RDI=0x00007f8009e0abc0 is an unknown value
R8 =0x000000010af13b22: jni_NewObjectV+0 in /Library/Java/JavaVirtualMachines/jdk1.8.0_101.jdk/Contents/Home/jre/lib/server/libjvm.dylib at 0x000000010ac00000
R9 =0x00007000002197e0 is pointing into the stack for thread: 0x00007f800a008800
R10=0x64007a21d223a650 is an unknown value
R11=0x00007f7effe1cd2a is an unknown value
R12=0x00007f800a0089f8 is an unknown value
R13=0x00007f800a008800 is a thread
R14=0x0000000000000000 is an unknown value
R15=0x00007f8009e0abc8 is an unknown value


Stack: [0x000070000011a000,0x000070000021a000],  sp=0x0000700000219580,  free space=1021k
Native frames: (J=compiled Java code, j=interpreted, Vv=VM code, C=native code)
V  [libjvm.dylib+0x313bbf]
C  [libcreate.jnilib+0xf29]  _ZN7JNIEnv_9NewObjectEP7_jclassP10_jmethodIDz+0x189
C  [libcreate.jnilib+0xb29]  Java_CreateObject_outputDate+0x89
j  CreateObject.outputDate()V+0
j  CreateObject.main([Ljava/lang/String;)V+32
v  ~StubRoutines::call_stub
V  [libjvm.dylib+0x2ecf06]
V  [libjvm.dylib+0x323d7a]
V  [libjvm.dylib+0x31caf1]
C  [java+0x3931]  JavaMain+0x9c4
C  [libsystem_pthread.dylib+0x3c13]  _pthread_body+0x83
C  [libsystem_pthread.dylib+0x3b90]  _pthread_body+0x0
C  [libsystem_pthread.dylib+0x1375]  thread_start+0xd
C  0x0000000000000000

Java frames: (J=compiled Java code, j=interpreted, Vv=VM code)
j  CreateObject.outputDate()V+0
j  CreateObject.main([Ljava/lang/String;)V+32
v  ~StubRoutines::call_stub

---------------  P R O C E S S  ---------------

Java Threads: ( => current thread )
  0x00007f800a836000 JavaThread "Service Thread" daemon [_thread_blocked, id=18691, stack(0x0000700000e44000,0x0000700000f44000)]
  0x00007f800b032800 JavaThread "C1 CompilerThread2" daemon [_thread_blocked, id=18179, stack(0x0000700000d41000,0x0000700000e41000)]
  0x00007f800b031800 JavaThread "C2 CompilerThread1" daemon [_thread_blocked, id=17667, stack(0x0000700000c3e000,0x0000700000d3e000)]
  0x00007f800a063000 JavaThread "C2 CompilerThread0" daemon [_thread_blocked, id=17155, stack(0x0000700000b3b000,0x0000700000c3b000)]
  0x00007f800a052000 JavaThread "Signal Dispatcher" daemon [_thread_blocked, id=13839, stack(0x0000700000a38000,0x0000700000b38000)]
  0x00007f800a828800 JavaThread "Finalizer" daemon [_thread_blocked, id=12291, stack(0x000070000082f000,0x000070000092f000)]
  0x00007f800a804800 JavaThread "Reference Handler" daemon [_thread_blocked, id=11779, stack(0x000070000072c000,0x000070000082c000)]
=>0x00007f800a008800 JavaThread "main" [_thread_in_vm, id=3079, stack(0x000070000011a000,0x000070000021a000)]

Other Threads:
  0x00007f800a803000 VMThread [stack: 0x0000700000629000,0x0000700000729000] [id=11267]
  0x00007f800b80a800 WatcherThread [stack: 0x0000700000f47000,0x0000700001047000] [id=19203]

VM state:not at safepoint (normal execution)

VM Mutex/Monitor currently owned by a thread: None

Heap:
 PSYoungGen      total 18944K, used 983K [0x00000007aab00000, 0x00000007ac000000, 0x00000007c0000000)
  eden space 16384K, 6% used [0x00000007aab00000,0x00000007aabf5ce0,0x00000007abb00000)
  from space 2560K, 0% used [0x00000007abd80000,0x00000007abd80000,0x00000007ac000000)
  to   space 2560K, 0% used [0x00000007abb00000,0x00000007abb00000,0x00000007abd80000)
 ParOldGen       total 44032K, used 0K [0x0000000780000000, 0x0000000782b00000, 0x00000007aab00000)
  object space 44032K, 0% used [0x0000000780000000,0x0000000780000000,0x0000000782b00000)
 Metaspace       used 2671K, capacity 4486K, committed 4864K, reserved 1056768K
  class space    used 289K, capacity 386K, committed 512K, reserved 1048576K

Card table byte_map: [0x000000011af5d000,0x000000011b15e000] byte_map_base: 0x000000011735d000

Marking Bits: (ParMarkBitMap*) 0x000000010b4edd20
 Begin Bits: [0x000000011b2b4000, 0x000000011c2b4000)
 End Bits:   [0x000000011c2b4000, 0x000000011d2b4000)

Polling page: 0x000000010a37a000

CodeCache: size=245760Kb used=1087Kb max_used=1087Kb free=244672Kb
 bounds [0x000000010bb9d000, 0x000000010be0d000, 0x000000011ab9d000]
 total_blobs=251 nmethods=17 adapters=149
 compilation: enabled

Compilation events (10 events):
Event: 0.121 Thread 0x00007f800b032800   13       1       java.lang.ref.Reference::get (5 bytes)
Event: 0.121 Thread 0x00007f800b032800 nmethod 13 0x000000010bcab790 code [0x000000010bcab8e0, 0x000000010bcab9f0]
Event: 0.124 Thread 0x00007f800b032800   14       3       java.lang.String::indexOf (7 bytes)
Event: 0.125 Thread 0x00007f800b032800 nmethod 14 0x000000010bcaba50 code [0x000000010bcabbc0, 0x000000010bcabdc8]
Event: 0.127 Thread 0x00007f800b032800   15       1       java.lang.ThreadLocal::access$400 (5 bytes)
Event: 0.127 Thread 0x00007f800b032800 nmethod 15 0x000000010bcabe50 code [0x000000010bcabfa0, 0x000000010bcac090]
Event: 0.127 Thread 0x00007f800b032800   16       3       java.lang.String::lastIndexOf (52 bytes)
Event: 0.128 Thread 0x00007f800b032800 nmethod 16 0x000000010bcac110 code [0x000000010bcac2a0, 0x000000010bcac628]
Event: 0.128 Thread 0x00007f800b032800   17       3       java.lang.System::getSecurityManager (4 bytes)
Event: 0.128 Thread 0x00007f800b032800 nmethod 17 0x000000010bcac790 code [0x000000010bcac8e0, 0x000000010bcaca30]

GC Heap History (0 events):
No events

Deoptimization events (0 events):
No events

Internal exceptions (3 events):
Event: 0.044 Thread 0x00007f800a008800 Exception <a 'java/lang/NoSuchMethodError': Method sun.misc.Unsafe.defineClass(Ljava/lang/String;[BII)Ljava/lang/Class; name or signature does not match> (0x00000007aab07cc0) thrown at [/HUDSON3/workspace/8-2-build-macosx-x86_64/jdk8u101/7261/hotspot/src/
Event: 0.044 Thread 0x00007f800a008800 Exception <a 'java/lang/NoSuchMethodError': Method sun.misc.Unsafe.prefetchRead(Ljava/lang/Object;J)V name or signature does not match> (0x00000007aab07fa8) thrown at [/HUDSON3/workspace/8-2-build-macosx-x86_64/jdk8u101/7261/hotspot/src/share/vm/prims/jni
Event: 0.132 Thread 0x00007f800a008800 Exception <a 'java/lang/NoSuchMethodError': <int>> (0x00000007aab766f0) thrown at [/HUDSON3/workspace/8-2-build-macosx-x86_64/jdk8u101/7261/hotspot/src/share/vm/prims/jni.cpp, line 1581]

Events (10 events):
Event: 0.129 loading class java/util/Date
Event: 0.129 loading class java/util/Date done
Event: 0.129 loading class sun/util/calendar/CalendarSystem
Event: 0.130 loading class sun/util/calendar/CalendarSystem done
Event: 0.130 loading class sun/util/calendar/Gregorian
Event: 0.130 loading class sun/util/calendar/BaseCalendar
Event: 0.131 loading class sun/util/calendar/AbstractCalendar
Event: 0.131 loading class sun/util/calendar/AbstractCalendar done
Event: 0.131 loading class sun/util/calendar/BaseCalendar done
Event: 0.132 loading class sun/util/calendar/Gregorian done


Dynamic libraries:
0x000000000204a000 	/System/Library/Frameworks/Cocoa.framework/Versions/A/Cocoa
0x000000000204a000 	/System/Library/Frameworks/Security.framework/Versions/A/Security
0x000000000204a000 	/System/Library/Frameworks/ApplicationServices.framework/Versions/A/ApplicationServices
0x000000000204a000 	/usr/lib/libz.1.dylib
0x000000000204a000 	/usr/lib/libSystem.B.dylib
0x000000000204a000 	/usr/lib/libobjc.A.dylib
0x000000000204a000 	/System/Library/Frameworks/CoreFoundation.framework/Versions/A/CoreFoundation
0x000000000204a000 	/System/Library/Frameworks/Foundation.framework/Versions/C/Foundation
0x000000000204a000 	/System/Library/Frameworks/AppKit.framework/Versions/C/AppKit
0x000000000204a000 	/System/Library/Frameworks/CoreData.framework/Versions/A/CoreData
0x000000000204a000 	/System/Library/PrivateFrameworks/RemoteViewServices.framework/Versions/A/RemoteViewServices
0x000000000204a000 	/System/Library/PrivateFrameworks/UIFoundation.framework/Versions/A/UIFoundation
0x000000000204a000 	/usr/lib/libScreenReader.dylib
0x000000000204a000 	/System/Library/Frameworks/Accelerate.framework/Versions/A/Accelerate
0x000000000204a000 	/System/Library/Frameworks/IOSurface.framework/Versions/A/IOSurface
0x000000000204a000 	/System/Library/Frameworks/AudioToolbox.framework/Versions/A/AudioToolbox
0x000000000204a000 	/System/Library/Frameworks/AudioUnit.framework/Versions/A/AudioUnit
0x000000000204a000 	/System/Library/PrivateFrameworks/DataDetectorsCore.framework/Versions/A/DataDetectorsCore
0x000000000204a000 	/System/Library/PrivateFrameworks/DesktopServicesPriv.framework/Versions/A/DesktopServicesPriv
0x000000000204a000 	/System/Library/Frameworks/Carbon.framework/Versions/A/Frameworks/HIToolbox.framework/Versions/A/HIToolbox
0x000000000204a000 	/System/Library/Frameworks/QuartzCore.framework/Versions/A/QuartzCore
0x000000000204a000 	/System/Library/Frameworks/Carbon.framework/Versions/A/Frameworks/SpeechRecognition.framework/Versions/A/SpeechRecognition
0x000000000204a000 	/usr/lib/libauto.dylib
0x000000000204a000 	/usr/lib/libicucore.A.dylib
0x000000000204a000 	/usr/lib/libxml2.2.dylib
0x000000000204a000 	/System/Library/PrivateFrameworks/CoreUI.framework/Versions/A/CoreUI
0x000000000204a000 	/System/Library/Frameworks/CoreAudio.framework/Versions/A/CoreAudio
0x000000000204a000 	/System/Library/Frameworks/DiskArbitration.framework/Versions/A/DiskArbitration
0x000000000204a000 	/usr/lib/liblangid.dylib
0x000000000204a000 	/System/Library/PrivateFrameworks/MultitouchSupport.framework/Versions/A/MultitouchSupport
0x000000000204a000 	/System/Library/Frameworks/IOKit.framework/Versions/A/IOKit
0x000000000204a000 	/usr/lib/libDiagnosticMessagesClient.dylib
0x000000000204a000 	/System/Library/Frameworks/CoreServices.framework/Versions/A/CoreServices
0x000000000204a000 	/System/Library/PrivateFrameworks/PerformanceAnalysis.framework/Versions/A/PerformanceAnalysis
0x000000000204a000 	/System/Library/PrivateFrameworks/GenerationalStorage.framework/Versions/A/GenerationalStorage
0x000000000204a000 	/System/Library/Frameworks/OpenGL.framework/Versions/A/OpenGL
0x000000000204a000 	/System/Library/PrivateFrameworks/Sharing.framework/Versions/A/Sharing
0x000000000204a000 	/System/Library/Frameworks/CoreGraphics.framework/Versions/A/CoreGraphics
0x000000000204a000 	/System/Library/Frameworks/CoreImage.framework/Versions/A/CoreImage
0x000000000204a000 	/System/Library/Frameworks/CoreText.framework/Versions/A/CoreText
0x000000000204a000 	/System/Library/Frameworks/ImageIO.framework/Versions/A/ImageIO
0x000000000204a000 	/System/Library/PrivateFrameworks/Backup.framework/Versions/A/Backup
0x000000000204a000 	/usr/lib/libextension.dylib
0x000000000204a000 	/usr/lib/libarchive.2.dylib
0x000000000204a000 	/System/Library/Frameworks/CFNetwork.framework/Versions/A/CFNetwork
0x000000000204a000 	/System/Library/Frameworks/SystemConfiguration.framework/Versions/A/SystemConfiguration
0x000000000204a000 	/usr/lib/libCRFSuite.dylib
0x000000000204a000 	/usr/lib/libc++.1.dylib
0x000000000204a000 	/usr/lib/libc++abi.dylib
0x000000000204a000 	/usr/lib/system/libcache.dylib
0x000000000204a000 	/usr/lib/system/libcommonCrypto.dylib
0x000000000204a000 	/usr/lib/system/libcompiler_rt.dylib
0x000000000204a000 	/usr/lib/system/libcopyfile.dylib
0x000000000204a000 	/usr/lib/system/libcorecrypto.dylib
0x000000000204a000 	/usr/lib/system/libdispatch.dylib
0x000000000204a000 	/usr/lib/system/libdyld.dylib
0x000000000204a000 	/usr/lib/system/libkeymgr.dylib
0x000000000204a000 	/usr/lib/system/liblaunch.dylib
0x000000000204a000 	/usr/lib/system/libmacho.dylib
0x000000000204a000 	/usr/lib/system/libquarantine.dylib
0x000000000204a000 	/usr/lib/system/libremovefile.dylib
0x000000000204a000 	/usr/lib/system/libsystem_asl.dylib
0x000000000204a000 	/usr/lib/system/libsystem_blocks.dylib
0x000000000204a000 	/usr/lib/system/libsystem_c.dylib
0x000000000204a000 	/usr/lib/system/libsystem_configuration.dylib
0x000000000204a000 	/usr/lib/system/libsystem_coreservices.dylib
0x000000000204a000 	/usr/lib/system/libsystem_coretls.dylib
0x000000000204a000 	/usr/lib/system/libsystem_dnssd.dylib
0x000000000204a000 	/usr/lib/system/libsystem_info.dylib
0x000000000204a000 	/usr/lib/system/libsystem_kernel.dylib
0x000000000204a000 	/usr/lib/system/libsystem_m.dylib
0x000000000204a000 	/usr/lib/system/libsystem_malloc.dylib
0x000000000204a000 	/usr/lib/system/libsystem_network.dylib
0x000000000204a000 	/usr/lib/system/libsystem_networkextension.dylib
0x000000000204a000 	/usr/lib/system/libsystem_notify.dylib
0x000000000204a000 	/usr/lib/system/libsystem_platform.dylib
0x000000000204a000 	/usr/lib/system/libsystem_pthread.dylib
0x000000000204a000 	/usr/lib/system/libsystem_sandbox.dylib
0x000000000204a000 	/usr/lib/system/libsystem_secinit.dylib
0x000000000204a000 	/usr/lib/system/libsystem_trace.dylib
0x000000000204a000 	/usr/lib/system/libunc.dylib
0x000000000204a000 	/usr/lib/system/libunwind.dylib
0x000000000204a000 	/usr/lib/system/libxpc.dylib
0x000000000204a000 	/usr/lib/libenergytrace.dylib
0x000000000204a000 	/usr/lib/libbsm.0.dylib
0x000000000204a000 	/usr/lib/system/libkxld.dylib
0x000000000204a000 	/usr/lib/libxar.1.dylib
0x000000000204a000 	/usr/lib/libsqlite3.dylib
0x000000000204a000 	/usr/lib/libpam.2.dylib
0x000000000204a000 	/usr/lib/libOpenScriptingUtil.dylib
0x000000000204a000 	/usr/lib/libbz2.1.0.dylib
0x000000000204a000 	/usr/lib/liblzma.5.dylib
0x000000000204a000 	/System/Library/Frameworks/CoreServices.framework/Versions/A/Frameworks/FSEvents.framework/Versions/A/FSEvents
0x000000000204a000 	/System/Library/Frameworks/CoreServices.framework/Versions/A/Frameworks/CarbonCore.framework/Versions/A/CarbonCore
0x000000000204a000 	/System/Library/Frameworks/CoreServices.framework/Versions/A/Frameworks/Metadata.framework/Versions/A/Metadata
0x000000000204a000 	/System/Library/Frameworks/CoreServices.framework/Versions/A/Frameworks/OSServices.framework/Versions/A/OSServices
0x000000000204a000 	/System/Library/Frameworks/CoreServices.framework/Versions/A/Frameworks/SearchKit.framework/Versions/A/SearchKit
0x000000000204a000 	/System/Library/Frameworks/CoreServices.framework/Versions/A/Frameworks/AE.framework/Versions/A/AE
0x000000000204a000 	/System/Library/Frameworks/CoreServices.framework/Versions/A/Frameworks/LaunchServices.framework/Versions/A/LaunchServices
0x000000000204a000 	/System/Library/Frameworks/CoreServices.framework/Versions/A/Frameworks/DictionaryServices.framework/Versions/A/DictionaryServices
0x000000000204a000 	/System/Library/Frameworks/CoreServices.framework/Versions/A/Frameworks/SharedFileList.framework/Versions/A/SharedFileList
0x000000000204a000 	/System/Library/Frameworks/NetFS.framework/Versions/A/NetFS
0x000000000204a000 	/System/Library/PrivateFrameworks/NetAuth.framework/Versions/A/NetAuth
0x000000000204a000 	/System/Library/PrivateFrameworks/login.framework/Versions/A/Frameworks/loginsupport.framework/Versions/A/loginsupport
0x000000000204a000 	/System/Library/PrivateFrameworks/TCC.framework/Versions/A/TCC
0x000000000204a000 	/usr/lib/libmecabra.dylib
0x000000000204a000 	/System/Library/Frameworks/ApplicationServices.framework/Versions/A/Frameworks/ATS.framework/Versions/A/ATS
0x000000000204a000 	/System/Library/Frameworks/ApplicationServices.framework/Versions/A/Frameworks/ColorSync.framework/Versions/A/ColorSync
0x000000000204a000 	/System/Library/Frameworks/ApplicationServices.framework/Versions/A/Frameworks/HIServices.framework/Versions/A/HIServices
0x000000000204a000 	/System/Library/Frameworks/ApplicationServices.framework/Versions/A/Frameworks/LangAnalysis.framework/Versions/A/LangAnalysis
0x000000000204a000 	/System/Library/Frameworks/ApplicationServices.framework/Versions/A/Frameworks/PrintCore.framework/Versions/A/PrintCore
0x000000000204a000 	/System/Library/Frameworks/ApplicationServices.framework/Versions/A/Frameworks/QD.framework/Versions/A/QD
0x000000000204a000 	/System/Library/Frameworks/ApplicationServices.framework/Versions/A/Frameworks/SpeechSynthesis.framework/Versions/A/SpeechSynthesis
0x000000000204a000 	/System/Library/Frameworks/Metal.framework/Versions/A/Metal
0x000000000204a000 	/System/Library/Frameworks/Accelerate.framework/Versions/A/Frameworks/vImage.framework/Versions/A/vImage
0x000000000204a000 	/System/Library/Frameworks/Accelerate.framework/Versions/A/Frameworks/vecLib.framework/Versions/A/vecLib
0x000000000204a000 	/System/Library/Frameworks/Accelerate.framework/Versions/A/Frameworks/vecLib.framework/Versions/A/libvDSP.dylib
0x000000000204a000 	/System/Library/Frameworks/Accelerate.framework/Versions/A/Frameworks/vecLib.framework/Versions/A/libvMisc.dylib
0x000000000204a000 	/System/Library/Frameworks/Accelerate.framework/Versions/A/Frameworks/vecLib.framework/Versions/A/libLAPACK.dylib
0x000000000204a000 	/System/Library/Frameworks/Accelerate.framework/Versions/A/Frameworks/vecLib.framework/Versions/A/libBLAS.dylib
0x000000000204a000 	/System/Library/Frameworks/Accelerate.framework/Versions/A/Frameworks/vecLib.framework/Versions/A/libLinearAlgebra.dylib
0x000000000204a000 	/System/Library/Frameworks/Accelerate.framework/Versions/A/Frameworks/vecLib.framework/Versions/A/libSparseBLAS.dylib
0x000000000204a000 	/System/Library/PrivateFrameworks/GPUCompiler.framework/libmetal_timestamp.dylib
0x000000000204a000 	/System/Library/Frameworks/OpenGL.framework/Versions/A/Libraries/libCoreFSCache.dylib
0x000000000204a000 	/System/Library/PrivateFrameworks/IOAccelerator.framework/Versions/A/IOAccelerator
0x000000000204a000 	/System/Library/Frameworks/ApplicationServices.framework/Versions/A/Frameworks/ATS.framework/Versions/A/Resources/libFontParser.dylib
0x000000000204a000 	/System/Library/Frameworks/ApplicationServices.framework/Versions/A/Frameworks/ATS.framework/Versions/A/Resources/libFontRegistry.dylib
0x000000000204a000 	/System/Library/PrivateFrameworks/AppleVPA.framework/Versions/A/AppleVPA
0x000000000204a000 	/System/Library/PrivateFrameworks/AppleJPEG.framework/Versions/A/AppleJPEG
0x000000000204a000 	/System/Library/Frameworks/ImageIO.framework/Versions/A/Resources/libJPEG.dylib
0x000000000204a000 	/System/Library/Frameworks/ImageIO.framework/Versions/A/Resources/libTIFF.dylib
0x000000000204a000 	/System/Library/Frameworks/ImageIO.framework/Versions/A/Resources/libPng.dylib
0x000000000204a000 	/System/Library/Frameworks/ImageIO.framework/Versions/A/Resources/libGIF.dylib
0x000000000204a000 	/System/Library/Frameworks/ImageIO.framework/Versions/A/Resources/libJP2.dylib
0x000000000204a000 	/System/Library/Frameworks/ImageIO.framework/Versions/A/Resources/libRadiance.dylib
0x000000000204a000 	/System/Library/Frameworks/CoreVideo.framework/Versions/A/CoreVideo
0x000000000204a000 	/System/Library/Frameworks/OpenGL.framework/Versions/A/Libraries/libGLU.dylib
0x000000000204a000 	/System/Library/Frameworks/OpenGL.framework/Versions/A/Libraries/libGFXShared.dylib
0x000000000204a000 	/System/Library/Frameworks/OpenGL.framework/Versions/A/Libraries/libGL.dylib
0x000000000204a000 	/System/Library/Frameworks/OpenGL.framework/Versions/A/Libraries/libGLImage.dylib
0x000000000204a000 	/System/Library/Frameworks/OpenGL.framework/Versions/A/Libraries/libCVMSPluginSupport.dylib
0x000000000204a000 	/System/Library/Frameworks/OpenGL.framework/Versions/A/Libraries/libCoreVMClient.dylib
0x000000000204a000 	/usr/lib/libcups.2.dylib
0x000000000204a000 	/System/Library/Frameworks/Kerberos.framework/Versions/A/Kerberos
0x000000000204a000 	/System/Library/Frameworks/GSS.framework/Versions/A/GSS
0x000000000204a000 	/usr/lib/libresolv.9.dylib
0x000000000204a000 	/usr/lib/libiconv.2.dylib
0x000000000204a000 	/System/Library/PrivateFrameworks/Heimdal.framework/Versions/A/Heimdal
0x000000000204a000 	/usr/lib/libheimdal-asn1.dylib
0x000000000204a000 	/System/Library/Frameworks/OpenDirectory.framework/Versions/A/OpenDirectory
0x000000000204a000 	/System/Library/PrivateFrameworks/CommonAuth.framework/Versions/A/CommonAuth
0x000000000204a000 	/System/Library/Frameworks/OpenDirectory.framework/Versions/A/Frameworks/CFOpenDirectory.framework/Versions/A/CFOpenDirectory
0x000000000204a000 	/System/Library/Frameworks/SecurityFoundation.framework/Versions/A/SecurityFoundation
0x000000000204a000 	/System/Library/PrivateFrameworks/LanguageModeling.framework/Versions/A/LanguageModeling
0x000000000204a000 	/usr/lib/libmarisa.dylib
0x000000000204a000 	/usr/lib/libChineseTokenizer.dylib
0x000000000204a000 	/usr/lib/libcmph.dylib
0x000000000204a000 	/usr/lib/libcompression.dylib
0x000000000204a000 	/System/Library/Frameworks/ServiceManagement.framework/Versions/A/ServiceManagement
0x000000000204a000 	/usr/lib/libxslt.1.dylib
0x000000000204a000 	/System/Library/Frameworks/Carbon.framework/Versions/A/Frameworks/Ink.framework/Versions/A/Ink
0x000000000204a000 	/usr/lib/libFosl_dynamic.dylib
0x000000000204a000 	/System/Library/PrivateFrameworks/FaceCore.framework/Versions/A/FaceCore
0x000000000204a000 	/System/Library/Frameworks/OpenCL.framework/Versions/A/OpenCL
0x000000000204a000 	/System/Library/PrivateFrameworks/CrashReporterSupport.framework/Versions/A/CrashReporterSupport
0x000000000204a000 	/System/Library/PrivateFrameworks/IconServices.framework/Versions/A/IconServices
0x000000000204a000 	/System/Library/PrivateFrameworks/Apple80211.framework/Versions/A/Apple80211
0x000000000204a000 	/System/Library/Frameworks/CoreWLAN.framework/Versions/A/CoreWLAN
0x000000000204a000 	/System/Library/Frameworks/IOBluetooth.framework/Versions/A/IOBluetooth
0x000000000204a000 	/System/Library/PrivateFrameworks/CoreWiFi.framework/Versions/A/CoreWiFi
0x000000000204a000 	/System/Library/Frameworks/CoreBluetooth.framework/Versions/A/CoreBluetooth
0x000000000204a000 	/System/Library/PrivateFrameworks/ChunkingLibrary.framework/Versions/A/ChunkingLibrary
0x000000000204a000 	/System/Library/PrivateFrameworks/DebugSymbols.framework/Versions/A/DebugSymbols
0x000000000204a000 	/System/Library/PrivateFrameworks/CoreSymbolication.framework/Versions/A/CoreSymbolication
0x000000000204a000 	/System/Library/PrivateFrameworks/Symbolication.framework/Versions/A/Symbolication
0x000000000204a000 	/System/Library/PrivateFrameworks/SpeechRecognitionCore.framework/Versions/A/SpeechRecognitionCore
0x000000010a2ef000 	/System/Library/CoreServices/Encodings/libSimplifiedChineseConverter.dylib
0x000000010ac00000 	/Library/Java/JavaVirtualMachines/jdk1.8.0_101.jdk/Contents/Home/jre/lib/server/libjvm.dylib
0x000000000204a000 	/usr/lib/libstdc++.6.dylib
0x000000010a337000 	/Library/Java/JavaVirtualMachines/jdk1.8.0_101.jdk/Contents/Home/jre/lib/libverify.dylib
0x000000010a345000 	/Library/Java/JavaVirtualMachines/jdk1.8.0_101.jdk/Contents/Home/jre/lib/libjava.dylib
0x000000010a384000 	/Library/Java/JavaVirtualMachines/jdk1.8.0_101.jdk/Contents/Home/jre/lib/libzip.dylib
0x000000011ef3b000 	/System/Library/Frameworks/JavaVM.framework/Frameworks/JavaRuntimeSupport.framework/JavaRuntimeSupport
0x000000010a3ea000 	/System/Library/Frameworks/JavaVM.framework/Versions/A/Frameworks/JavaNativeFoundation.framework/Versions/A/JavaNativeFoundation
0x000000011ef56000 	/System/Library/Frameworks/JavaVM.framework/Versions/A/JavaVM
0x000000000204a000 	/System/Library/Frameworks/Carbon.framework/Versions/A/Carbon
0x000000011ef63000 	/System/Library/PrivateFrameworks/JavaLaunching.framework/Versions/A/JavaLaunching
0x000000000204a000 	/System/Library/Frameworks/Carbon.framework/Versions/A/Frameworks/CommonPanels.framework/Versions/A/CommonPanels
0x000000000204a000 	/System/Library/Frameworks/Carbon.framework/Versions/A/Frameworks/Help.framework/Versions/A/Help
0x000000000204a000 	/System/Library/Frameworks/Carbon.framework/Versions/A/Frameworks/ImageCapture.framework/Versions/A/ImageCapture
0x000000000204a000 	/System/Library/Frameworks/Carbon.framework/Versions/A/Frameworks/OpenScripting.framework/Versions/A/OpenScripting
0x000000000204a000 	/System/Library/Frameworks/Carbon.framework/Versions/A/Frameworks/Print.framework/Versions/A/Print
0x000000000204a000 	/System/Library/Frameworks/Carbon.framework/Versions/A/Frameworks/SecurityHI.framework/Versions/A/SecurityHI
0x0000000120886000 	/Users/lin/work/JNI/02/libcreate.jnilib

VM Arguments:
java_command: CreateObject
java_class_path (initial): .
Launcher Type: SUN_STANDARD

Environment Variables:
PATH=/Library/Frameworks/Python.framework/Versions/3.5/bin:/usr/local/bin:/usr/bin:/bin:/usr/sbin:/sbin
SHELL=/bin/bash

Signal Handlers:
SIGSEGV: [libjvm.dylib+0x5af145], sa_mask[0]=11111111011111110111111111111111, sa_flags=SA_ONSTACK|SA_RESTART|SA_SIGINFO
SIGBUS: [libjvm.dylib+0x5af145], sa_mask[0]=11111111011111110111111111111111, sa_flags=SA_RESTART|SA_SIGINFO
SIGFPE: [libjvm.dylib+0x48694c], sa_mask[0]=11111111011111110111111111111111, sa_flags=SA_RESTART|SA_SIGINFO
SIGPIPE: [libjvm.dylib+0x48694c], sa_mask[0]=11111111011111110111111111111111, sa_flags=SA_RESTART|SA_SIGINFO
SIGXFSZ: [libjvm.dylib+0x48694c], sa_mask[0]=11111111011111110111111111111111, sa_flags=SA_RESTART|SA_SIGINFO
SIGILL: [libjvm.dylib+0x48694c], sa_mask[0]=11111111011111110111111111111111, sa_flags=SA_RESTART|SA_SIGINFO
SIGUSR1: SIG_DFL, sa_mask[0]=11011111011111100000000111000110, sa_flags=none
SIGUSR2: [libjvm.dylib+0x48646a], sa_mask[0]=00000000000000000000000000000000, sa_flags=SA_RESTART|SA_SIGINFO
SIGHUP: [libjvm.dylib+0x484a41], sa_mask[0]=11111111011111110111111111111111, sa_flags=SA_RESTART|SA_SIGINFO
SIGINT: [libjvm.dylib+0x484a41], sa_mask[0]=11111111011111110111111111111111, sa_flags=SA_RESTART|SA_SIGINFO
SIGTERM: [libjvm.dylib+0x484a41], sa_mask[0]=11111111011111110111111111111111, sa_flags=SA_RESTART|SA_SIGINFO
SIGQUIT: [libjvm.dylib+0x484a41], sa_mask[0]=11111111011111110111111111111111, sa_flags=SA_RESTART|SA_SIGINFO


---------------  S Y S T E M  ---------------

OS:Bsduname:Darwin 15.3.0 Darwin Kernel Version 15.3.0: Thu Dec 10 18:40:58 PST 2015; root:xnu-3248.30.4~1/RELEASE_X86_64 x86_64
rlimit: STACK 8192k, CORE 0k, NPROC 709, NOFILE 10240, AS infinity
load average:1.28 1.43 1.47

CPU:total 4 (2 cores per cpu, 2 threads per core) family 6 model 69 stepping 1, cmov, cx8, fxsr, mmx, sse, sse2, sse3, ssse3, sse4.1, sse4.2, popcnt, avx, avx2, aes, clmul, erms, lzcnt, ht, tsc, tscinvbit, bmi1, bmi2

Memory: 4k page, physical 4194304k(1157252k free)

/proc/meminfo:


vm_info: Java HotSpot(TM) 64-Bit Server VM (25.101-b13) for bsd-amd64 JRE (1.8.0_101-b13), built on Jun 22 2016 02:42:15 by "java_re" with gcc 4.2.1 (Based on Apple Inc. build 5658) (LLVM build 2336.11.00)

time: Fri Nov  4 11:07:53 2016
elapsed time: 0 seconds (0d 0h 0m 0s)

